pT_yy 0 5 10 15 20 25 30 35 45 60 80 100 120 140 170 200 250 350
HT 30 70 140 200 500
yAbs_yy 0.00 0.15 0.30 0.45 0.60 0.75 0.90 1.20 1.60 2.40
cosTS_yy 0 0.0625 0.1250 0.1875 0.2500 0.3125 0.3750 0.5 0.6250 1
pTt_yy 0 5 10 15 22 30 40 50 65 80 100 125 160 250
Dy_y_y 0 0.1 0.2 0.3 0.4 0.5 0.65 0.8 1 1.25 2.0

N_j 0 1 2 3 4

pT_j1 30 55 75 120 350
yAbs_j1 0 0.5 1 1.5 1.9 2.3 2.5 4.4
sumTau_yyj 8 17 25 40 80 150
maxTau_yyj 0 10 20 30 40 150

pT_j2 30 70 120
yAbs_j2 0 1.2 2 4.4
Dphi_j_j 0 1.0472 2.0944 3.15
Dphi_j_j_signed -3.15 -1.570796 0 1.570796 3.15
Dy_j_j 0 2 4 8.8
m_jj 0 170 500 1500
pT_yyjj 0 15 200
Dphi_yy_jj 0 3.01 3.10 3.15

pT_j3 30 120
